<?xml version="1.0" encoding="UTF-8"?>
<testsuite name="com.johndeere.test.ContextLoadTest" tests="1" skipped="0" failures="0" errors="0" timestamp="2024-12-04T04:12:57" hostname="Gagans-MacBook-Pro-Personal.local" time="0.255">
  <properties/>
  <testcase name="contextLoads()" classname="com.johndeere.test.ContextLoadTest" time="0.255"/>
  <system-out><![CDATA[22:12:55.684 [Test worker] INFO org.springframework.test.context.support.AnnotationConfigContextLoaderUtils -- Could not detect default configuration classes for test class [com.johndeere.test.ContextLoadTest]: ContextLoadTest does not declare any static, non-private, non-final, nested classes annotated with @Configuration.
22:12:55.735 [Test worker] INFO org.springframework.boot.test.context.SpringBootTestContextBootstrapper -- Found @SpringBootConfiguration com.johndeere.DemoApplication for test class com.johndeere.test.ContextLoadTest

  .   ____          _            __ _ _
 /\\ / ___'_ __ _ _(_)_ __  __ _ \ \ \ \
( ( )\___ | '_ | '_| | '_ \/ _` | \ \ \ \
 \\/  ___)| |_)| | | | | || (_| |  ) ) ) )
  '  |____| .__|_| |_|_| |_\__, | / / / /
 =========|_|==============|___/=/_/_/_/

 :: Spring Boot ::                (v3.4.0)

2024-12-03T22:12:55.931-06:00  INFO 23956 --- [    Test worker] com.johndeere.test.ContextLoadTest       : Starting ContextLoadTest using Java 17.0.12 with PID 23956 (started by gaganichake in /Users/gaganichake/git/springboot-rest-api)
2024-12-03T22:12:55.932-06:00  INFO 23956 --- [    Test worker] com.johndeere.test.ContextLoadTest       : No active profile set, falling back to 1 default profile: "default"
2024-12-03T22:12:56.242-06:00  INFO 23956 --- [    Test worker] .s.d.r.c.RepositoryConfigurationDelegate : Bootstrapping Spring Data JPA repositories in DEFAULT mode.
2024-12-03T22:12:56.269-06:00  INFO 23956 --- [    Test worker] .s.d.r.c.RepositoryConfigurationDelegate : Finished Spring Data repository scanning in 21 ms. Found 4 JPA repository interfaces.
2024-12-03T22:12:56.466-06:00  INFO 23956 --- [    Test worker] com.zaxxer.hikari.HikariDataSource       : HikariPool-1 - Starting...
2024-12-03T22:12:56.543-06:00  INFO 23956 --- [    Test worker] com.zaxxer.hikari.pool.HikariPool        : HikariPool-1 - Added connection conn0: url=jdbc:h2:mem:48efa629-3dad-4786-b3dd-cff7419e8f7c user=SA
2024-12-03T22:12:56.544-06:00  INFO 23956 --- [    Test worker] com.zaxxer.hikari.HikariDataSource       : HikariPool-1 - Start completed.
2024-12-03T22:12:56.575-06:00  INFO 23956 --- [    Test worker] o.hibernate.jpa.internal.util.LogHelper  : HHH000204: Processing PersistenceUnitInfo [name: default]
2024-12-03T22:12:56.603-06:00  INFO 23956 --- [    Test worker] org.hibernate.Version                    : HHH000412: Hibernate ORM core version 6.6.2.Final
2024-12-03T22:12:56.617-06:00  INFO 23956 --- [    Test worker] o.h.c.internal.RegionFactoryInitiator    : HHH000026: Second-level cache disabled
2024-12-03T22:12:56.732-06:00  INFO 23956 --- [    Test worker] o.s.o.j.p.SpringPersistenceUnitInfo      : No LoadTimeWeaver setup: ignoring JPA class transformer
2024-12-03T22:12:56.766-06:00  INFO 23956 --- [    Test worker] org.hibernate.orm.connections.pooling    : HHH10001005: Database info:
	Database JDBC URL [Connecting through datasource 'HikariDataSource (HikariPool-1)']
	Database driver: undefined/unknown
	Database version: 2.3.232
	Autocommit mode: undefined/unknown
	Isolation level: undefined/unknown
	Minimum pool size: undefined/unknown
	Maximum pool size: undefined/unknown
2024-12-03T22:12:57.164-06:00  INFO 23956 --- [    Test worker] o.h.e.t.j.p.i.JtaPlatformInitiator       : HHH000489: No JTA platform available (set 'hibernate.transaction.jta.platform' to enable JTA platform integration)
2024-12-03T22:12:57.185-06:00  INFO 23956 --- [    Test worker] j.LocalContainerEntityManagerFactoryBean : Initialized JPA EntityManagerFactory for persistence unit 'default'
2024-12-03T22:12:57.373-06:00  WARN 23956 --- [    Test worker] JpaBaseConfiguration$JpaWebConfiguration : spring.jpa.open-in-view is enabled by default. Therefore, database queries may be performed during view rendering. Explicitly configure spring.jpa.open-in-view to disable this warning
2024-12-03T22:12:57.414-06:00  INFO 23956 --- [    Test worker] .i.s.PathMatchingResourcePatternResolver : Skipping search for files matching pattern [**/*.class]: directory [/Users/gaganichake/git/springboot-rest-api/build/classes/java/test/com/johndeere/resource] does not exist
2024-12-03T22:12:57.648-06:00  INFO 23956 --- [    Test worker] com.johndeere.test.ContextLoadTest       : Started ContextLoadTest in 1.843 seconds (process running for 2.369)
]]></system-out>
  <system-err><![CDATA[]]></system-err>
</testsuite>
