<?xml version="1.0" encoding="UTF-8"?>
<testsuite name="com.johndeere.test.GreetingControllerTest" tests="1" skipped="0" failures="0" errors="0" timestamp="2024-12-04T04:12:58" hostname="Gagans-MacBook-Pro-Personal.local" time="0.031">
  <properties/>
  <testcase name="greetingShouldReturnMessageFromService()" classname="com.johndeere.test.GreetingControllerTest" time="0.031"/>
  <system-out><![CDATA[2024-12-03T22:12:58.264-06:00  INFO 23956 --- [    Test worker] t.c.s.AnnotationConfigContextLoaderUtils : Could not detect default configuration classes for test class [com.johndeere.test.GreetingControllerTest]: GreetingControllerTest does not declare any static, non-private, non-final, nested classes annotated with @Configuration.
2024-12-03T22:12:58.275-06:00  INFO 23956 --- [    Test worker] .b.t.c.SpringBootTestContextBootstrapper : Found @SpringBootConfiguration com.johndeere.DemoApplication for test class com.johndeere.test.GreetingControllerTest

  .   ____          _            __ _ _
 /\\ / ___'_ __ _ _(_)_ __  __ _ \ \ \ \
( ( )\___ | '_ | '_| | '_ \/ _` | \ \ \ \
 \\/  ___)| |_)| | | | | || (_| |  ) ) ) )
  '  |____| .__|_| |_|_| |_\__, | / / / /
 =========|_|==============|___/=/_/_/_/

 :: Spring Boot ::                (v3.4.0)

2024-12-03T22:12:58.288-06:00  INFO 23956 --- [    Test worker] c.johndeere.test.GreetingControllerTest  : Starting GreetingControllerTest using Java 17.0.12 with PID 23956 (started by gaganichake in /Users/gaganichake/git/springboot-rest-api)
2024-12-03T22:12:58.289-06:00  INFO 23956 --- [    Test worker] c.johndeere.test.GreetingControllerTest  : No active profile set, falling back to 1 default profile: "default"
2024-12-03T22:12:58.511-06:00  INFO 23956 --- [    Test worker] o.s.b.t.m.w.SpringBootMockServletContext : Initializing Spring TestDispatcherServlet ''
2024-12-03T22:12:58.511-06:00  INFO 23956 --- [    Test worker] o.s.t.web.servlet.TestDispatcherServlet  : Initializing Servlet ''
2024-12-03T22:12:58.512-06:00  INFO 23956 --- [    Test worker] o.s.t.web.servlet.TestDispatcherServlet  : Completed initialization in 1 ms
2024-12-03T22:12:58.520-06:00  INFO 23956 --- [    Test worker] c.johndeere.test.GreetingControllerTest  : Started GreetingControllerTest in 0.243 seconds (process running for 3.24)

MockHttpServletRequest:
      HTTP Method = GET
      Request URI = /greeting
       Parameters = {}
          Headers = []
             Body = null
    Session Attrs = {}

Handler:
             Type = com.johndeere.controller.GreetingController
           Method = com.johndeere.controller.GreetingController#greeting()

Async:
    Async started = false
     Async result = null

Resolved Exception:
             Type = null

ModelAndView:
        View name = null
             View = null
            Model = null

FlashMap:
       Attributes = null

MockHttpServletResponse:
           Status = 200
    Error message = null
          Headers = [Content-Type:"text/plain;charset=UTF-8", Content-Length:"13"]
     Content type = text/plain;charset=UTF-8
             Body = Hello, World!
    Forwarded URL = null
   Redirected URL = null
          Cookies = []
]]></system-out>
  <system-err><![CDATA[]]></system-err>
</testsuite>
