<?xml version="1.0" encoding="UTF-8"?>
<testsuite name="com.johndeere.test.HttpRequestTest" tests="1" skipped="0" failures="0" errors="0" timestamp="2024-12-04T04:12:59" hostname="Gagans-MacBook-Pro-Personal.local" time="0.095">
  <properties/>
  <testcase name="greetingShouldReturnDefaultMessage()" classname="com.johndeere.test.HttpRequestTest" time="0.095"/>
  <system-out><![CDATA[2024-12-03T22:12:58.574-06:00  INFO 23956 --- [    Test worker] t.c.s.AnnotationConfigContextLoaderUtils : Could not detect default configuration classes for test class [com.johndeere.test.HttpRequestTest]: HttpRequestTest does not declare any static, non-private, non-final, nested classes annotated with @Configuration.
2024-12-03T22:12:58.578-06:00  INFO 23956 --- [    Test worker] .b.t.c.SpringBootTestContextBootstrapper : Found @SpringBootConfiguration com.johndeere.DemoApplication for test class com.johndeere.test.HttpRequestTest

  .   ____          _            __ _ _
 /\\ / ___'_ __ _ _(_)_ __  __ _ \ \ \ \
( ( )\___ | '_ | '_| | '_ \/ _` | \ \ \ \
 \\/  ___)| |_)| | | | | || (_| |  ) ) ) )
  '  |____| .__|_| |_|_| |_\__, | / / / /
 =========|_|==============|___/=/_/_/_/

 :: Spring Boot ::                (v3.4.0)

2024-12-03T22:12:58.614-06:00  INFO 23956 --- [    Test worker] com.johndeere.test.HttpRequestTest       : Starting HttpRequestTest using Java 17.0.12 with PID 23956 (started by gaganichake in /Users/gaganichake/git/springboot-rest-api)
2024-12-03T22:12:58.615-06:00  INFO 23956 --- [    Test worker] com.johndeere.test.HttpRequestTest       : No active profile set, falling back to 1 default profile: "default"
2024-12-03T22:12:58.727-06:00  INFO 23956 --- [    Test worker] .s.d.r.c.RepositoryConfigurationDelegate : Bootstrapping Spring Data JPA repositories in DEFAULT mode.
2024-12-03T22:12:58.735-06:00  INFO 23956 --- [    Test worker] .s.d.r.c.RepositoryConfigurationDelegate : Finished Spring Data repository scanning in 6 ms. Found 4 JPA repository interfaces.
2024-12-03T22:12:58.879-06:00  INFO 23956 --- [    Test worker] o.s.b.w.embedded.tomcat.TomcatWebServer  : Tomcat initialized with port 0 (http)
2024-12-03T22:12:58.888-06:00  INFO 23956 --- [    Test worker] o.apache.catalina.core.StandardService   : Starting service [Tomcat]
2024-12-03T22:12:58.888-06:00  INFO 23956 --- [    Test worker] o.apache.catalina.core.StandardEngine    : Starting Servlet engine: [Apache Tomcat/10.1.33]
2024-12-03T22:12:58.918-06:00  INFO 23956 --- [    Test worker] o.a.c.c.C.[Tomcat].[localhost].[/]       : Initializing Spring embedded WebApplicationContext
2024-12-03T22:12:58.919-06:00  INFO 23956 --- [    Test worker] w.s.c.ServletWebServerApplicationContext : Root WebApplicationContext: initialization completed in 303 ms
2024-12-03T22:12:58.969-06:00  INFO 23956 --- [    Test worker] com.zaxxer.hikari.HikariDataSource       : HikariPool-3 - Starting...
2024-12-03T22:12:58.971-06:00  INFO 23956 --- [    Test worker] com.zaxxer.hikari.pool.HikariPool        : HikariPool-3 - Added connection conn20: url=jdbc:h2:mem:0038741c-2adb-4995-8dd5-87f67b489f57 user=SA
2024-12-03T22:12:58.971-06:00  INFO 23956 --- [    Test worker] com.zaxxer.hikari.HikariDataSource       : HikariPool-3 - Start completed.
2024-12-03T22:12:58.978-06:00  INFO 23956 --- [    Test worker] o.hibernate.jpa.internal.util.LogHelper  : HHH000204: Processing PersistenceUnitInfo [name: default]
2024-12-03T22:12:58.982-06:00  INFO 23956 --- [    Test worker] o.h.c.internal.RegionFactoryInitiator    : HHH000026: Second-level cache disabled
2024-12-03T22:12:58.989-06:00  INFO 23956 --- [    Test worker] o.s.o.j.p.SpringPersistenceUnitInfo      : No LoadTimeWeaver setup: ignoring JPA class transformer
2024-12-03T22:12:58.991-06:00  INFO 23956 --- [    Test worker] org.hibernate.orm.connections.pooling    : HHH10001005: Database info:
	Database JDBC URL [Connecting through datasource 'HikariDataSource (HikariPool-3)']
	Database driver: undefined/unknown
	Database version: 2.3.232
	Autocommit mode: undefined/unknown
	Isolation level: undefined/unknown
	Minimum pool size: undefined/unknown
	Maximum pool size: undefined/unknown
2024-12-03T22:12:59.032-06:00  INFO 23956 --- [    Test worker] o.h.e.t.j.p.i.JtaPlatformInitiator       : HHH000489: No JTA platform available (set 'hibernate.transaction.jta.platform' to enable JTA platform integration)
2024-12-03T22:12:59.036-06:00  INFO 23956 --- [    Test worker] j.LocalContainerEntityManagerFactoryBean : Initialized JPA EntityManagerFactory for persistence unit 'default'
2024-12-03T22:12:59.075-06:00  WARN 23956 --- [    Test worker] JpaBaseConfiguration$JpaWebConfiguration : spring.jpa.open-in-view is enabled by default. Therefore, database queries may be performed during view rendering. Explicitly configure spring.jpa.open-in-view to disable this warning
2024-12-03T22:12:59.106-06:00  INFO 23956 --- [    Test worker] .i.s.PathMatchingResourcePatternResolver : Skipping search for files matching pattern [**/*.class]: directory [/Users/gaganichake/git/springboot-rest-api/build/classes/java/test/com/johndeere/resource] does not exist
2024-12-03T22:12:59.311-06:00  INFO 23956 --- [    Test worker] o.s.b.w.embedded.tomcat.TomcatWebServer  : Tomcat started on port 64303 (http) with context path '/'
2024-12-03T22:12:59.317-06:00  INFO 23956 --- [    Test worker] com.johndeere.test.HttpRequestTest       : Started HttpRequestTest in 0.728 seconds (process running for 4.037)
2024-12-03T22:12:59.391-06:00  INFO 23956 --- [o-auto-1-exec-1] o.a.c.c.C.[Tomcat].[localhost].[/]       : Initializing Spring DispatcherServlet 'dispatcherServlet'
2024-12-03T22:12:59.391-06:00  INFO 23956 --- [o-auto-1-exec-1] o.s.web.servlet.DispatcherServlet        : Initializing Servlet 'dispatcherServlet'
2024-12-03T22:12:59.392-06:00  INFO 23956 --- [o-auto-1-exec-1] o.s.web.servlet.DispatcherServlet        : Completed initialization in 1 ms
]]></system-out>
  <system-err><![CDATA[]]></system-err>
</testsuite>
